<?xml version="1.0" encoding="UTF-8"?>
<!-- Generated by org.testng.reporters.JUnitReportReporter -->
<testsuite hostname="INL20-IAAAABDD" failures="0" tests="1" name="org.testing.TestScripts.TC6" time="132.033" errors="0" timestamp="2022-06-21T11:49:46 IST" skipped="0">
  <testcase classname="org.testing.TestScripts.TC6" name="test" time="132.033"/>
  <system-out/>
</testsuite> <!-- org.testing.TestScripts.TC6 -->
