<?xml version="1.0" encoding="UTF-8"?>
<!-- Generated by org.testng.reporters.JUnitReportReporter -->
<testsuite hostname="INL20-IAAAABDD" failures="0" tests="1" name="org.testing.TestScripts.TC5" time="129.740" errors="0" timestamp="2022-06-21T11:49:46 IST" skipped="0">
  <testcase classname="org.testing.TestScripts.TC5" name="test" time="129.740"/>
  <system-out/>
</testsuite> <!-- org.testing.TestScripts.TC5 -->
